<?xml version="1.0" encoding="UTF-8"?>
<!-- Generated by org.testng.reporters.JUnitReportReporter -->
<testsuite skipped="0" hostname="DESKTOP-P8OUDU4" name="TC001_GET_Rsquest" tests="1" failures="0" timestamp="12 Jul 2019 13:23:13 GMT" time="1.623" errors="0">
  <testcase name="getWeatherDetails" time="1.623" classname="TC001_GET_Rsquest"/>
</testsuite> <!-- TC001_GET_Rsquest -->
